0 info it worked if it ends with ok
1 verbose cli [ 'C:\\Program Files\\nodejs\\node.exe',
1 verbose cli   'C:\\Users\\Daniel\\AppData\\Roaming\\npm\\node_modules\\npm\\bin\\npm-cli.js',
1 verbose cli   'start' ]
2 info using npm@3.10.5
3 info using node@v6.1.0
4 verbose run-script [ 'prestart', 'start', 'poststart' ]
5 info lifecycle angular2-quickstart@1.0.0~prestart: angular2-quickstart@1.0.0
6 silly lifecycle angular2-quickstart@1.0.0~prestart: no script for prestart, continuing
7 info lifecycle angular2-quickstart@1.0.0~start: angular2-quickstart@1.0.0
8 verbose lifecycle angular2-quickstart@1.0.0~start: unsafe-perm in lifecycle true
9 verbose lifecycle angular2-quickstart@1.0.0~start: PATH: C:\Users\Daniel\AppData\Roaming\npm\node_modules\npm\bin\node-gyp-bin;G:\ng2\tourheros\node_modules\.bin;C:\Program Files\nodejs;C:\xampp\php;C:\ProgramData\Oracle\Java\javapath;C:\RailsInstaller\Git\cmd;C:\RailsInstaller\Ruby2.1.0\bin;C:\Windows\system32;C:\Windows;C:\Windows\System32\Wbem;C:\Windows\System32\WindowsPowerShell\v1.0\;c:\Program Files (x86)\Common Files\Adobe\AGL;C:\Program Files (x86)\Heroku\bin;C:\Program Files\apache-ant-1.9.4\bin\;C:\Program Files\Java\jdk1.8.0_25\jre\bin;C:\Program Files\Java\jdk1.8.0_25\bin;C:\Program Files\Amazon\AWSCLI\;C:\Program Files (x86)\NVIDIA Corporation\PhysX\Common;C:\Program Files (x86)\Skype\Phone\;C:\Program Files (x86)\GtkSharp\2.12\bin;C:\Program Files (x86)\WinMerge;C:\Program Files (x86)\Windows Kits\8.1\Windows Performance Toolkit\;C:\Users\Daniel\AppData\Roaming\nvm;C:\Program Files\nodejs;C:\Program Files (x86)\Brackets\command;C:\Program Files\Git\cmd;C:\Program Files (x86)\OpenVPN\bin;C:\Program Files (x86)\GnuWin32\bin;C:\Program Files\Sublime Text 3;C:\Program Files\Sublime Text 2;C:\Users\Daniel\AppData\Roaming\Dashlane\3.2.6.89099\bin\Firefox_Extension\{442718d9-475e-452a-b3e1-fb1ee16b8e9f}\components;C:\Users\Daniel\AppData\Roaming\Dashlane\3.5.0.89717\bin\Firefox_Extension\{442718d9-475e-452a-b3e1-fb1ee16b8e9f}\components;C:\Program Files\Docker Toolbox;C:\Users\Daniel\AppData\Local\atom\bin;C:\Program Files (x86)\Microsoft VS Code\bin;C:\Users\Daniel\AppData\Roaming\npm;C:\Program Files\MongoDB\Server\3.2\bin;C:\Users\Daniel\AppData\Roaming\nvm;C:\Program Files\nodejs;C:\python27;C:\Program Files\nodejs;C:\Users\Daniel\AppData\Local\.meteor\
10 verbose lifecycle angular2-quickstart@1.0.0~start: CWD: G:\ng2\tourheros
11 silly lifecycle angular2-quickstart@1.0.0~start: Args: [ '/d /s /c', 'tsc && concurrently "tsc -w" "lite-server" ' ]
12 silly lifecycle angular2-quickstart@1.0.0~start: Returned: code: 2  signal: null
13 info lifecycle angular2-quickstart@1.0.0~start: Failed to exec start script
14 verbose stack Error: angular2-quickstart@1.0.0 start: `tsc && concurrently "tsc -w" "lite-server" `
14 verbose stack Exit status 2
14 verbose stack     at EventEmitter.<anonymous> (C:\Users\Daniel\AppData\Roaming\npm\node_modules\npm\lib\utils\lifecycle.js:242:16)
14 verbose stack     at emitTwo (events.js:106:13)
14 verbose stack     at EventEmitter.emit (events.js:191:7)
14 verbose stack     at ChildProcess.<anonymous> (C:\Users\Daniel\AppData\Roaming\npm\node_modules\npm\lib\utils\spawn.js:40:14)
14 verbose stack     at emitTwo (events.js:106:13)
14 verbose stack     at ChildProcess.emit (events.js:191:7)
14 verbose stack     at maybeClose (internal/child_process.js:850:16)
14 verbose stack     at Process.ChildProcess._handle.onexit (internal/child_process.js:215:5)
15 verbose pkgid angular2-quickstart@1.0.0
16 verbose cwd G:\ng2\tourheros
17 error Windows_NT 6.1.7601
18 error argv "C:\\Program Files\\nodejs\\node.exe" "C:\\Users\\Daniel\\AppData\\Roaming\\npm\\node_modules\\npm\\bin\\npm-cli.js" "start"
19 error node v6.1.0
20 error npm  v3.10.5
21 error code ELIFECYCLE
22 error angular2-quickstart@1.0.0 start: `tsc && concurrently "tsc -w" "lite-server" `
22 error Exit status 2
23 error Failed at the angular2-quickstart@1.0.0 start script 'tsc && concurrently "tsc -w" "lite-server" '.
23 error Make sure you have the latest version of node.js and npm installed.
23 error If you do, this is most likely a problem with the angular2-quickstart package,
23 error not with npm itself.
23 error Tell the author that this fails on your system:
23 error     tsc && concurrently "tsc -w" "lite-server"
23 error You can get information on how to open an issue for this project with:
23 error     npm bugs angular2-quickstart
23 error Or if that isn't available, you can get their info via:
23 error     npm owner ls angular2-quickstart
23 error There is likely additional logging output above.
24 verbose exit [ 1, true ]
